::1 - - [03/Apr/2024:14:01:12 +0000] "POST /api/auth/register HTTP/1.1" 500 26 "-" "PostmanRuntime/7.36.3"
::1 - - [03/Apr/2024:14:05:18 +0000] "POST /api/auth/register HTTP/1.1" 201 87 "-" "PostmanRuntime/7.36.3"
::1 - - [03/Apr/2024:14:10:17 +0000] "POST /api/auth/upload HTTP/1.1" 500 26 "-" "PostmanRuntime/7.36.3"
::1 - - [03/Apr/2024:14:12:11 +0000] "POST /api/auth/upload HTTP/1.1" 500 26 "-" "PostmanRuntime/7.36.3"
::1 - - [03/Apr/2024:14:14:04 +0000] "POST /api/auth/upload HTTP/1.1" 413 1219 "-" "PostmanRuntime/7.36.3"
::1 - - [03/Apr/2024:14:16:57 +0000] "POST /api/auth/upload HTTP/1.1" 413 1219 "-" "PostmanRuntime/7.36.3"
::1 - - [03/Apr/2024:16:05:07 +0000] "POST /api/auth/login HTTP/1.1" 200 176 "-" "PostmanRuntime/7.36.3"
::1 - - [03/Apr/2024:16:08:35 +0000] "GET /api/users/profile HTTP/1.1" 500 26 "-" "PostmanRuntime/7.36.3"
::1 - - [03/Apr/2024:16:08:56 +0000] "GET /api/users/profile HTTP/1.1" 500 26 "-" "PostmanRuntime/7.36.3"
::1 - - [03/Apr/2024:16:11:07 +0000] "GET /api/users/profile HTTP/1.1" 200 90 "-" "PostmanRuntime/7.36.3"
::1 - - [03/Apr/2024:16:11:58 +0000] "PUT /api/users/update HTTP/1.1" 500 26 "-" "PostmanRuntime/7.36.3"
::1 - - [03/Apr/2024:16:12:35 +0000] "PUT /api/users/update HTTP/1.1" 200 47 "-" "PostmanRuntime/7.36.3"
::1 - - [03/Apr/2024:16:13:06 +0000] "PUT /api/users/update HTTP/1.1" 200 143 "-" "PostmanRuntime/7.36.3"
::1 - - [03/Apr/2024:16:16:09 +0000] "POST /api/auth/register HTTP/1.1" 500 26 "-" "PostmanRuntime/7.36.3"
::1 - - [03/Apr/2024:16:16:48 +0000] "POST /api/auth/register HTTP/1.1" 201 89 "-" "PostmanRuntime/7.36.3"
::1 - - [04/Apr/2024:03:24:22 +0000] "POST /api/auth/login HTTP/1.1" 200 175 "-" "PostmanRuntime/7.36.3"
::1 - - [04/Apr/2024:03:39:47 +0000] "POST /api/courses/new HTTP/1.1" 403 65 "-" "PostmanRuntime/7.36.3"
::1 - - [04/Apr/2024:03:40:33 +0000] "POST /api/courses/new HTTP/1.1" 403 65 "-" "PostmanRuntime/7.36.3"
::1 - - [04/Apr/2024:05:33:45 +0000] "POST /api/courses/new HTTP/1.1" 403 65 "-" "PostmanRuntime/7.36.3"
::1 - - [04/Apr/2024:06:33:55 +0000] "POST /api/courses/new HTTP/1.1" 403 65 "-" "PostmanRuntime/7.36.3"
::1 - - [04/Apr/2024:06:34:24 +0000] "POST /api/courses/new HTTP/1.1" 403 65 "-" "PostmanRuntime/7.36.3"
::1 - - [04/Apr/2024:06:34:43 +0000] "POST /api/courses/new HTTP/1.1" 403 65 "-" "PostmanRuntime/7.36.3"
::1 - - [04/Apr/2024:06:46:36 +0000] "POST /api/auth/login HTTP/1.1" 200 175 "-" "PostmanRuntime/7.36.3"
::1 - - [04/Apr/2024:06:46:54 +0000] "POST /api/courses/new HTTP/1.1" 403 65 "-" "PostmanRuntime/7.36.3"
::1 - - [04/Apr/2024:06:48:36 +0000] "POST /api/auth/login HTTP/1.1" 200 175 "-" "PostmanRuntime/7.36.3"
::1 - - [04/Apr/2024:06:48:47 +0000] "POST /api/courses/new HTTP/1.1" 403 65 "-" "PostmanRuntime/7.36.3"
::1 - - [04/Apr/2024:06:49:29 +0000] "POST /api/auth/login HTTP/1.1" 200 175 "-" "PostmanRuntime/7.36.3"
::1 - - [04/Apr/2024:06:49:39 +0000] "POST /api/auth/login HTTP/1.1" 200 175 "-" "PostmanRuntime/7.36.3"
::1 - - [04/Apr/2024:06:49:49 +0000] "POST /api/courses/new HTTP/1.1" 403 65 "-" "PostmanRuntime/7.36.3"
::1 - - [04/Apr/2024:06:50:00 +0000] "POST /api/courses/new HTTP/1.1" 403 65 "-" "PostmanRuntime/7.36.3"
::1 - - [04/Apr/2024:06:50:18 +0000] "POST /api/courses/new HTTP/1.1" 403 65 "-" "PostmanRuntime/7.36.3"
::1 - - [04/Apr/2024:06:50:33 +0000] "POST /api/auth/login HTTP/1.1" 200 201 "-" "PostmanRuntime/7.36.3"
::1 - - [04/Apr/2024:06:50:44 +0000] "POST /api/courses/new HTTP/1.1" 403 65 "-" "PostmanRuntime/7.36.3"
::1 - - [04/Apr/2024:06:50:49 +0000] "POST /api/courses/new HTTP/1.1" 403 65 "-" "PostmanRuntime/7.36.3"
::1 - - [04/Apr/2024:06:51:14 +0000] "POST /api/courses/new HTTP/1.1" 500 26 "-" "PostmanRuntime/7.36.3"
::1 - - [04/Apr/2024:06:52:26 +0000] "POST /api/courses/new HTTP/1.1" 500 26 "-" "PostmanRuntime/7.36.3"
::1 - - [04/Apr/2024:06:52:40 +0000] "POST /api/courses/new HTTP/1.1" 201 41 "-" "PostmanRuntime/7.36.3"
::1 - - [04/Apr/2024:06:55:44 +0000] "POST /api/courses/new HTTP/1.1" 500 26 "-" "PostmanRuntime/7.36.3"
::1 - - [04/Apr/2024:06:56:16 +0000] "POST /api/courses/new HTTP/1.1" 500 26 "-" "PostmanRuntime/7.36.3"
::1 - - [04/Apr/2024:06:56:29 +0000] "POST /api/courses/new HTTP/1.1" 201 41 "-" "PostmanRuntime/7.36.3"
::1 - - [04/Apr/2024:06:57:52 +0000] "POST /api/courses/new HTTP/1.1" 201 41 "-" "PostmanRuntime/7.36.3"
